<?xml version="1.0" encoding="UTF-8"?>
<!-- Generated by org.testng.reporters.JUnitXMLReporter -->
<testsuite ignored="0" hostname="Vigneshs-MacBook-Pro.local" failures="0" tests="6" name="Default test" time="39.366" errors="0" timestamp="2024-09-16T23:32:27 PDT">
  <testcase classname="testLayer.TestClass" name="AlertTest" time="5.004"/>
  <testcase classname="testLayer.TestClass" name="ButtonTest" time="0.022"/>
  <testcase classname="testLayer.TestClass" name="DropdownTest" time="0.485"/>
  <testcase classname="testLayer.TestClass" name="ItemListTest" time="0.034"/>
  <testcase classname="testLayer.TestClass" name="TableTest" time="0.066"/>
  <testcase classname="testLayer.TestClass" name="ValidLoginTest" time="0.066"/>
</testsuite> <!-- Default test -->
