<?xml version="1.0" encoding="UTF-8"?>
<testng-results ignored="0" total="6" passed="6" failed="0" skipped="0">
  <reporter-output>
  </reporter-output>
  <suite started-at="2024-09-16T23:31:48 PDT" name="Default suite" finished-at="2024-09-16T23:32:27 PDT" duration-ms="39366">
    <groups>
    </groups>
    <test started-at="2024-09-16T23:31:48 PDT" name="Default test" finished-at="2024-09-16T23:32:27 PDT" duration-ms="39366">
      <class name="testLayer.TestClass">
        <test-method is-config="true" signature="setUp()[pri:0, instance:testLayer.TestClass@4f18837a]" started-at="2024-09-16T23:31:48 PDT" name="setUp" finished-at="2024-09-16T23:31:50 PDT" duration-ms="2518" status="PASS">
          <reporter-output>
          </reporter-output>
        </test-method> <!-- setUp -->
        <test-method signature="AlertTest()[pri:0, instance:testLayer.TestClass@4f18837a]" started-at="2024-09-16T23:31:50 PDT" name="AlertTest" finished-at="2024-09-16T23:31:55 PDT" duration-ms="5004" status="PASS">
          <reporter-output>
          </reporter-output>
        </test-method> <!-- AlertTest -->
        <test-method is-config="true" signature="tearDown()[pri:0, instance:testLayer.TestClass@4f18837a]" started-at="2024-09-16T23:31:55 PDT" name="tearDown" finished-at="2024-09-16T23:31:56 PDT" duration-ms="400" status="PASS">
          <reporter-output>
          </reporter-output>
        </test-method> <!-- tearDown -->
        <test-method is-config="true" signature="setUp()[pri:0, instance:testLayer.TestClass@4f18837a]" started-at="2024-09-16T23:31:56 PDT" name="setUp" finished-at="2024-09-16T23:31:58 PDT" duration-ms="2524" status="PASS">
          <reporter-output>
          </reporter-output>
        </test-method> <!-- setUp -->
        <test-method signature="ButtonTest()[pri:0, instance:testLayer.TestClass@4f18837a]" started-at="2024-09-16T23:31:58 PDT" name="ButtonTest" finished-at="2024-09-16T23:31:58 PDT" duration-ms="22" status="PASS">
          <reporter-output>
          </reporter-output>
        </test-method> <!-- ButtonTest -->
        <test-method is-config="true" signature="tearDown()[pri:0, instance:testLayer.TestClass@4f18837a]" started-at="2024-09-16T23:31:58 PDT" name="tearDown" finished-at="2024-09-16T23:31:59 PDT" duration-ms="504" status="PASS">
          <reporter-output>
          </reporter-output>
        </test-method> <!-- tearDown -->
        <test-method is-config="true" signature="setUp()[pri:0, instance:testLayer.TestClass@4f18837a]" started-at="2024-09-16T23:31:59 PDT" name="setUp" finished-at="2024-09-16T23:32:14 PDT" duration-ms="14952" status="PASS">
          <reporter-output>
          </reporter-output>
        </test-method> <!-- setUp -->
        <test-method signature="DropdownTest()[pri:0, instance:testLayer.TestClass@4f18837a]" started-at="2024-09-16T23:32:14 PDT" name="DropdownTest" finished-at="2024-09-16T23:32:14 PDT" duration-ms="485" status="PASS">
          <reporter-output>
          </reporter-output>
        </test-method> <!-- DropdownTest -->
        <test-method is-config="true" signature="tearDown()[pri:0, instance:testLayer.TestClass@4f18837a]" started-at="2024-09-16T23:32:14 PDT" name="tearDown" finished-at="2024-09-16T23:32:15 PDT" duration-ms="396" status="PASS">
          <reporter-output>
          </reporter-output>
        </test-method> <!-- tearDown -->
        <test-method is-config="true" signature="setUp()[pri:0, instance:testLayer.TestClass@4f18837a]" started-at="2024-09-16T23:32:15 PDT" name="setUp" finished-at="2024-09-16T23:32:19 PDT" duration-ms="4540" status="PASS">
          <reporter-output>
          </reporter-output>
        </test-method> <!-- setUp -->
        <test-method signature="ItemListTest()[pri:0, instance:testLayer.TestClass@4f18837a]" started-at="2024-09-16T23:32:19 PDT" name="ItemListTest" finished-at="2024-09-16T23:32:19 PDT" duration-ms="34" status="PASS">
          <reporter-output>
          </reporter-output>
        </test-method> <!-- ItemListTest -->
        <test-method is-config="true" signature="tearDown()[pri:0, instance:testLayer.TestClass@4f18837a]" started-at="2024-09-16T23:32:19 PDT" name="tearDown" finished-at="2024-09-16T23:32:20 PDT" duration-ms="393" status="PASS">
          <reporter-output>
          </reporter-output>
        </test-method> <!-- tearDown -->
        <test-method is-config="true" signature="setUp()[pri:0, instance:testLayer.TestClass@4f18837a]" started-at="2024-09-16T23:32:20 PDT" name="setUp" finished-at="2024-09-16T23:32:23 PDT" duration-ms="3365" status="PASS">
          <reporter-output>
          </reporter-output>
        </test-method> <!-- setUp -->
        <test-method signature="TableTest()[pri:0, instance:testLayer.TestClass@4f18837a]" started-at="2024-09-16T23:32:23 PDT" name="TableTest" finished-at="2024-09-16T23:32:23 PDT" duration-ms="66" status="PASS">
          <reporter-output>
          </reporter-output>
        </test-method> <!-- TableTest -->
        <test-method is-config="true" signature="tearDown()[pri:0, instance:testLayer.TestClass@4f18837a]" started-at="2024-09-16T23:32:23 PDT" name="tearDown" finished-at="2024-09-16T23:32:23 PDT" duration-ms="394" status="PASS">
          <reporter-output>
          </reporter-output>
        </test-method> <!-- tearDown -->
        <test-method is-config="true" signature="setUp()[pri:0, instance:testLayer.TestClass@4f18837a]" started-at="2024-09-16T23:32:23 PDT" name="setUp" finished-at="2024-09-16T23:32:27 PDT" duration-ms="3270" status="PASS">
          <reporter-output>
          </reporter-output>
        </test-method> <!-- setUp -->
        <test-method signature="ValidLoginTest()[pri:0, instance:testLayer.TestClass@4f18837a]" started-at="2024-09-16T23:32:27 PDT" name="ValidLoginTest" finished-at="2024-09-16T23:32:27 PDT" duration-ms="66" status="PASS">
          <reporter-output>
          </reporter-output>
        </test-method> <!-- ValidLoginTest -->
        <test-method is-config="true" signature="tearDown()[pri:0, instance:testLayer.TestClass@4f18837a]" started-at="2024-09-16T23:32:27 PDT" name="tearDown" finished-at="2024-09-16T23:32:27 PDT" duration-ms="410" status="PASS">
          <reporter-output>
          </reporter-output>
        </test-method> <!-- tearDown -->
      </class> <!-- testLayer.TestClass -->
    </test> <!-- Default test -->
  </suite> <!-- Default suite -->
</testng-results>
